This file contains any messages produced by compilers while
running configure, to aid debugging if configure makes a mistake.

It was created by gdsl configure 1.4, which was
generated by GNU Autoconf 2.59.  Invocation command line was

  $ ./configure 

## --------- ##
## Platform. ##
## --------- ##

hostname = Antons-MacBook-Pro.local
uname -m = x86_64
uname -r = 15.2.0
uname -s = Darwin
uname -v = Darwin Kernel Version 15.2.0: Fri Nov 13 19:56:56 PST 2015; root:xnu-3248.20.55~2/RELEASE_X86_64

/usr/bin/uname -p = i386
/bin/uname -X     = unknown

/bin/arch              = unknown
/usr/bin/arch -k       = unknown
/usr/convex/getsysinfo = unknown
hostinfo               = Mach kernel version:
	 Darwin Kernel Version 15.2.0: Fri Nov 13 19:56:56 PST 2015; root:xnu-3248.20.55~2/RELEASE_X86_64
Kernel configured for up to 4 processors.
2 processors are physically available.
4 processors are logically available.
Processor type: x86_64h (Intel x86-64h Haswell)
Processors active: 0 1 2 3
Primary memory available: 8.00 gigabytes
Default processor set: 268 tasks, 1121 threads, 4 processors
Load average: 2.79, Mach factor: 1.97
/bin/machine           = unknown
/usr/bin/oslevel       = unknown
/bin/universe          = unknown

PATH: /Users/aldukeman/bin/MPC
PATH: /usr/local/bin
PATH: /usr/bin
PATH: /bin
PATH: /usr/sbin
PATH: /sbin
PATH: /Library/TeX/Distributions/Programs/texbin
PATH: /Applications/SWI-Prolog.app/Contents/MacOS
PATH: /Users/aldukeman/bin/ampl_macosx64
PATH: /Users/aldukeman/dev/ace/ACE_wrappers/bin
PATH: /Users/aldukeman/dev/madara/bin
PATH: /Users/aldukeman/dev/gams/bin
PATH: /Users/aldukeman/bin/apache-ant-1.9.6/bin
PATH: /Users/aldukeman/bin/racket


## ----------- ##
## Core tests. ##
## ----------- ##

configure:1553: checking for a BSD-compatible install
configure:1608: result: /usr/bin/install -c
configure:1619: checking whether build environment is sane
configure:1662: result: yes
configure:1719: checking for gawk
configure:1748: result: no
configure:1719: checking for mawk
configure:1748: result: no
configure:1719: checking for nawk
configure:1748: result: no
configure:1719: checking for awk
configure:1735: found /usr/bin/awk
configure:1745: result: awk
configure:1755: checking whether make sets $(MAKE)
configure:1775: result: yes
configure:1948: checking build system type
configure:1966: result: i686-apple-darwin15.2.0
configure:1974: checking host system type
configure:1988: result: i686-apple-darwin15.2.0
configure:2051: checking for gcc
configure:2067: found /usr/bin/gcc
configure:2077: result: gcc
configure:2321: checking for C compiler version
configure:2324: gcc --version </dev/null >&5
Configured with: --prefix=/Applications/Xcode.app/Contents/Developer/usr --with-gxx-include-dir=/Applications/Xcode.app/Contents/Developer/Platforms/MacOSX.platform/Developer/SDKs/MacOSX10.11.sdk/usr/include/c++/4.2.1
Apple LLVM version 7.0.2 (clang-700.1.81)
Target: x86_64-apple-darwin15.2.0
Thread model: posix
configure:2327: $? = 0
configure:2329: gcc -v </dev/null >&5
Configured with: --prefix=/Applications/Xcode.app/Contents/Developer/usr --with-gxx-include-dir=/Applications/Xcode.app/Contents/Developer/Platforms/MacOSX.platform/Developer/SDKs/MacOSX10.11.sdk/usr/include/c++/4.2.1
Apple LLVM version 7.0.2 (clang-700.1.81)
Target: x86_64-apple-darwin15.2.0
Thread model: posix
configure:2332: $? = 0
configure:2334: gcc -V </dev/null >&5
clang: error: argument to '-V' is missing (expected 1 value)
clang: error: no input files
configure:2337: $? = 1
configure:2360: checking for C compiler default output file name
configure:2363: gcc    conftest.c  >&5
configure:2366: $? = 0
configure:2412: result: a.out
configure:2417: checking whether the C compiler works
configure:2423: ./a.out
configure:2426: $? = 0
configure:2443: result: yes
configure:2450: checking whether we are cross compiling
configure:2452: result: no
configure:2455: checking for suffix of executables
configure:2457: gcc -o conftest    conftest.c  >&5
configure:2460: $? = 0
configure:2485: result: 
configure:2491: checking for suffix of object files
configure:2512: gcc -c   conftest.c >&5
configure:2515: $? = 0
configure:2537: result: o
configure:2541: checking whether we are using the GNU C compiler
configure:2565: gcc -c   conftest.c >&5
configure:2571: $? = 0
configure:2575: test -z 
			 || test ! -s conftest.err
configure:2578: $? = 0
configure:2581: test -s conftest.o
configure:2584: $? = 0
configure:2597: result: yes
configure:2603: checking whether gcc accepts -g
configure:2624: gcc -c -g  conftest.c >&5
configure:2630: $? = 0
configure:2634: test -z 
			 || test ! -s conftest.err
configure:2637: $? = 0
configure:2640: test -s conftest.o
configure:2643: $? = 0
configure:2654: result: yes
configure:2671: checking for gcc option to accept ANSI C
configure:2741: gcc  -c -g -O2  conftest.c >&5
configure:2747: $? = 0
configure:2751: test -z 
			 || test ! -s conftest.err
configure:2754: $? = 0
configure:2757: test -s conftest.o
configure:2760: $? = 0
configure:2778: result: none needed
configure:2796: gcc -c -g -O2  conftest.c >&5
conftest.c:2:3: error: unknown type name 'choke'
  choke me
  ^
conftest.c:2:11: error: expected ';' after top level declarator
  choke me
          ^
          ;
2 errors generated.
configure:2802: $? = 1
configure: failed program was:
| #ifndef __cplusplus
|   choke me
| #endif
configure:2946: checking for style of include used by make
configure:2974: result: GNU
configure:3002: checking dependency style of gcc
configure:3092: result: gcc3
configure:3113: checking for gawk
configure:3139: result: awk
configure:3154: checking how to run the C preprocessor
configure:3189: gcc -E  conftest.c
configure:3195: $? = 0
configure:3227: gcc -E  conftest.c
conftest.c:11:10: fatal error: 'ac_nonexistent.h' file not found
#include <ac_nonexistent.h>
         ^
1 error generated.
configure:3233: $? = 1
configure: failed program was:
| /* confdefs.h.  */
| 
| #define PACKAGE_NAME "gdsl"
| #define PACKAGE_TARNAME "gdsl"
| #define PACKAGE_VERSION "1.4"
| #define PACKAGE_STRING "gdsl 1.4"
| #define PACKAGE_BUGREPORT "ndarnis@free.fr"
| #define PACKAGE "gdsl"
| #define VERSION "1.4"
| /* end confdefs.h.  */
| #include <ac_nonexistent.h>
configure:3272: result: gcc -E
configure:3296: gcc -E  conftest.c
configure:3302: $? = 0
configure:3334: gcc -E  conftest.c
conftest.c:11:10: fatal error: 'ac_nonexistent.h' file not found
#include <ac_nonexistent.h>
         ^
1 error generated.
configure:3340: $? = 1
configure: failed program was:
| /* confdefs.h.  */
| 
| #define PACKAGE_NAME "gdsl"
| #define PACKAGE_TARNAME "gdsl"
| #define PACKAGE_VERSION "1.4"
| #define PACKAGE_STRING "gdsl 1.4"
| #define PACKAGE_BUGREPORT "ndarnis@free.fr"
| #define PACKAGE "gdsl"
| #define VERSION "1.4"
| /* end confdefs.h.  */
| #include <ac_nonexistent.h>
configure:3396: checking for a BSD-compatible install
configure:3451: result: /usr/bin/install -c
configure:3462: checking whether ln -s works
configure:3466: result: yes
configure:3473: checking whether make sets $(MAKE)
configure:3493: result: yes
configure:3543: checking for ranlib
configure:3559: found /usr/bin/ranlib
configure:3570: result: ranlib
configure:3654: checking for a sed that does not truncate output
configure:3708: result: /usr/bin/sed
configure:3711: checking for egrep
configure:3721: result: grep -E
configure:3737: checking for ld used by gcc
configure:3804: result: /Applications/Xcode.app/Contents/Developer/Toolchains/XcodeDefault.xctoolchain/usr/bin/ld
configure:3813: checking if the linker (/Applications/Xcode.app/Contents/Developer/Toolchains/XcodeDefault.xctoolchain/usr/bin/ld) is GNU ld
configure:3828: result: no
configure:3833: checking for /Applications/Xcode.app/Contents/Developer/Toolchains/XcodeDefault.xctoolchain/usr/bin/ld option to reload object files
configure:3840: result: -r
configure:3858: checking for BSD-compatible nm
configure:3907: result: /usr/bin/nm
configure:3911: checking how to recognise dependent libraries
configure:4087: result: pass_all
configure:4320: checking for ANSI C header files
configure:4345: gcc -c -g -O2  conftest.c >&5
configure:4351: $? = 0
configure:4355: test -z 
			 || test ! -s conftest.err
configure:4358: $? = 0
configure:4361: test -s conftest.o
configure:4364: $? = 0
configure:4453: gcc -o conftest -g -O2   conftest.c  >&5
conftest.c:28:7: warning: implicitly declaring library function 'exit' with type 'void (int) __attribute__((noreturn))'
      exit(2);
      ^
conftest.c:28:7: note: include the header <stdlib.h> or explicitly provide a declaration for 'exit'
1 warning generated.
configure:4456: $? = 0
configure:4458: ./conftest
configure:4461: $? = 0
configure:4476: result: yes
configure:4500: checking for sys/types.h
configure:4516: gcc -c -g -O2  conftest.c >&5
configure:4522: $? = 0
configure:4526: test -z 
			 || test ! -s conftest.err
configure:4529: $? = 0
configure:4532: test -s conftest.o
configure:4535: $? = 0
configure:4546: result: yes
configure:4500: checking for sys/stat.h
configure:4516: gcc -c -g -O2  conftest.c >&5
configure:4522: $? = 0
configure:4526: test -z 
			 || test ! -s conftest.err
configure:4529: $? = 0
configure:4532: test -s conftest.o
configure:4535: $? = 0
configure:4546: result: yes
configure:4500: checking for stdlib.h
configure:4516: gcc -c -g -O2  conftest.c >&5
configure:4522: $? = 0
configure:4526: test -z 
			 || test ! -s conftest.err
configure:4529: $? = 0
configure:4532: test -s conftest.o
configure:4535: $? = 0
configure:4546: result: yes
configure:4500: checking for string.h
configure:4516: gcc -c -g -O2  conftest.c >&5
configure:4522: $? = 0
configure:4526: test -z 
			 || test ! -s conftest.err
configure:4529: $? = 0
configure:4532: test -s conftest.o
configure:4535: $? = 0
configure:4546: result: yes
configure:4500: checking for memory.h
configure:4516: gcc -c -g -O2  conftest.c >&5
configure:4522: $? = 0
configure:4526: test -z 
			 || test ! -s conftest.err
configure:4529: $? = 0
configure:4532: test -s conftest.o
configure:4535: $? = 0
configure:4546: result: yes
configure:4500: checking for strings.h
configure:4516: gcc -c -g -O2  conftest.c >&5
configure:4522: $? = 0
configure:4526: test -z 
			 || test ! -s conftest.err
configure:4529: $? = 0
configure:4532: test -s conftest.o
configure:4535: $? = 0
configure:4546: result: yes
configure:4500: checking for inttypes.h
configure:4516: gcc -c -g -O2  conftest.c >&5
configure:4522: $? = 0
configure:4526: test -z 
			 || test ! -s conftest.err
configure:4529: $? = 0
configure:4532: test -s conftest.o
configure:4535: $? = 0
configure:4546: result: yes
configure:4500: checking for stdint.h
configure:4516: gcc -c -g -O2  conftest.c >&5
configure:4522: $? = 0
configure:4526: test -z 
			 || test ! -s conftest.err
configure:4529: $? = 0
configure:4532: test -s conftest.o
configure:4535: $? = 0
configure:4546: result: yes
configure:4500: checking for unistd.h
configure:4516: gcc -c -g -O2  conftest.c >&5
configure:4522: $? = 0
configure:4526: test -z 
			 || test ! -s conftest.err
configure:4529: $? = 0
configure:4532: test -s conftest.o
configure:4535: $? = 0
configure:4546: result: yes
configure:4572: checking dlfcn.h usability
configure:4584: gcc -c -g -O2  conftest.c >&5
configure:4590: $? = 0
configure:4594: test -z 
			 || test ! -s conftest.err
configure:4597: $? = 0
configure:4600: test -s conftest.o
configure:4603: $? = 0
configure:4613: result: yes
configure:4617: checking dlfcn.h presence
configure:4627: gcc -E  conftest.c
configure:4633: $? = 0
configure:4653: result: yes
configure:4688: checking for dlfcn.h
configure:4695: result: yes
configure:4760: checking for g++
configure:4776: found /usr/bin/g++
configure:4786: result: g++
configure:4802: checking for C++ compiler version
configure:4805: g++ --version </dev/null >&5
Configured with: --prefix=/Applications/Xcode.app/Contents/Developer/usr --with-gxx-include-dir=/Applications/Xcode.app/Contents/Developer/Platforms/MacOSX.platform/Developer/SDKs/MacOSX10.11.sdk/usr/include/c++/4.2.1
Apple LLVM version 7.0.2 (clang-700.1.81)
Target: x86_64-apple-darwin15.2.0
Thread model: posix
configure:4808: $? = 0
configure:4810: g++ -v </dev/null >&5
Configured with: --prefix=/Applications/Xcode.app/Contents/Developer/usr --with-gxx-include-dir=/Applications/Xcode.app/Contents/Developer/Platforms/MacOSX.platform/Developer/SDKs/MacOSX10.11.sdk/usr/include/c++/4.2.1
Apple LLVM version 7.0.2 (clang-700.1.81)
Target: x86_64-apple-darwin15.2.0
Thread model: posix
configure:4813: $? = 0
configure:4815: g++ -V </dev/null >&5
clang: error: argument to '-V' is missing (expected 1 value)
clang: error: no input files
configure:4818: $? = 1
configure:4821: checking whether we are using the GNU C++ compiler
configure:4845: g++ -c   conftest.cc >&5
configure:4851: $? = 0
configure:4855: test -z 
			 || test ! -s conftest.err
configure:4858: $? = 0
configure:4861: test -s conftest.o
configure:4864: $? = 0
configure:4877: result: yes
configure:4883: checking whether g++ accepts -g
configure:4904: g++ -c -g  conftest.cc >&5
configure:4910: $? = 0
configure:4914: test -z 
			 || test ! -s conftest.err
configure:4917: $? = 0
configure:4920: test -s conftest.o
configure:4923: $? = 0
configure:4934: result: yes
configure:4976: g++ -c -g -O2  conftest.cc >&5
configure:4982: $? = 0
configure:4986: test -z 
			 || test ! -s conftest.err
configure:4989: $? = 0
configure:4992: test -s conftest.o
configure:4995: $? = 0
configure:5021: g++ -c -g -O2  conftest.cc >&5
conftest.cc:26:1: error: use of undeclared identifier 'exit'
exit (42);
^
1 error generated.
configure:5027: $? = 1
configure: failed program was:
| /* confdefs.h.  */
| 
| #define PACKAGE_NAME "gdsl"
| #define PACKAGE_TARNAME "gdsl"
| #define PACKAGE_VERSION "1.4"
| #define PACKAGE_STRING "gdsl 1.4"
| #define PACKAGE_BUGREPORT "ndarnis@free.fr"
| #define PACKAGE "gdsl"
| #define VERSION "1.4"
| #define STDC_HEADERS 1
| #define HAVE_SYS_TYPES_H 1
| #define HAVE_SYS_STAT_H 1
| #define HAVE_STDLIB_H 1
| #define HAVE_STRING_H 1
| #define HAVE_MEMORY_H 1
| #define HAVE_STRINGS_H 1
| #define HAVE_INTTYPES_H 1
| #define HAVE_STDINT_H 1
| #define HAVE_UNISTD_H 1
| #define HAVE_DLFCN_H 1
| /* end confdefs.h.  */
| 
| int
| main ()
| {
| exit (42);
|   ;
|   return 0;
| }
configure:4976: g++ -c -g -O2  conftest.cc >&5
conftest.cc:22:17: error: use of undeclared identifier 'std'
extern "C" void std::exit (int) throw (); using std::exit;
                ^
conftest.cc:22:49: error: use of undeclared identifier 'std'
extern "C" void std::exit (int) throw (); using std::exit;
                                                ^
2 errors generated.
configure:4982: $? = 1
configure: failed program was:
| /* confdefs.h.  */
| 
| #define PACKAGE_NAME "gdsl"
| #define PACKAGE_TARNAME "gdsl"
| #define PACKAGE_VERSION "1.4"
| #define PACKAGE_STRING "gdsl 1.4"
| #define PACKAGE_BUGREPORT "ndarnis@free.fr"
| #define PACKAGE "gdsl"
| #define VERSION "1.4"
| #define STDC_HEADERS 1
| #define HAVE_SYS_TYPES_H 1
| #define HAVE_SYS_STAT_H 1
| #define HAVE_STDLIB_H 1
| #define HAVE_STRING_H 1
| #define HAVE_MEMORY_H 1
| #define HAVE_STRINGS_H 1
| #define HAVE_INTTYPES_H 1
| #define HAVE_STDINT_H 1
| #define HAVE_UNISTD_H 1
| #define HAVE_DLFCN_H 1
| /* end confdefs.h.  */
| extern "C" void std::exit (int) throw (); using std::exit;
| #include <stdlib.h>
| int
| main ()
| {
| exit (42);
|   ;
|   return 0;
| }
configure:4976: g++ -c -g -O2  conftest.cc >&5
conftest.cc:22:17: error: use of undeclared identifier 'std'
extern "C" void std::exit (int); using std::exit;
                ^
conftest.cc:22:40: error: use of undeclared identifier 'std'
extern "C" void std::exit (int); using std::exit;
                                       ^
2 errors generated.
configure:4982: $? = 1
configure: failed program was:
| /* confdefs.h.  */
| 
| #define PACKAGE_NAME "gdsl"
| #define PACKAGE_TARNAME "gdsl"
| #define PACKAGE_VERSION "1.4"
| #define PACKAGE_STRING "gdsl 1.4"
| #define PACKAGE_BUGREPORT "ndarnis@free.fr"
| #define PACKAGE "gdsl"
| #define VERSION "1.4"
| #define STDC_HEADERS 1
| #define HAVE_SYS_TYPES_H 1
| #define HAVE_SYS_STAT_H 1
| #define HAVE_STDLIB_H 1
| #define HAVE_STRING_H 1
| #define HAVE_MEMORY_H 1
| #define HAVE_STRINGS_H 1
| #define HAVE_INTTYPES_H 1
| #define HAVE_STDINT_H 1
| #define HAVE_UNISTD_H 1
| #define HAVE_DLFCN_H 1
| /* end confdefs.h.  */
| extern "C" void std::exit (int); using std::exit;
| #include <stdlib.h>
| int
| main ()
| {
| exit (42);
|   ;
|   return 0;
| }
configure:4976: g++ -c -g -O2  conftest.cc >&5
configure:4982: $? = 0
configure:4986: test -z 
			 || test ! -s conftest.err
configure:4989: $? = 0
configure:4992: test -s conftest.o
configure:4995: $? = 0
configure:5021: g++ -c -g -O2  conftest.cc >&5
configure:5027: $? = 0
configure:5031: test -z 
			 || test ! -s conftest.err
configure:5034: $? = 0
configure:5037: test -s conftest.o
configure:5040: $? = 0
configure:5065: checking dependency style of g++
configure:5155: result: gcc3
configure:5182: checking how to run the C++ preprocessor
configure:5213: g++ -E  conftest.cc
configure:5219: $? = 0
configure:5251: g++ -E  conftest.cc
conftest.cc:25:10: fatal error: 'ac_nonexistent.h' file not found
#include <ac_nonexistent.h>
         ^
1 error generated.
configure:5257: $? = 1
configure: failed program was:
| /* confdefs.h.  */
| 
| #define PACKAGE_NAME "gdsl"
| #define PACKAGE_TARNAME "gdsl"
| #define PACKAGE_VERSION "1.4"
| #define PACKAGE_STRING "gdsl 1.4"
| #define PACKAGE_BUGREPORT "ndarnis@free.fr"
| #define PACKAGE "gdsl"
| #define VERSION "1.4"
| #define STDC_HEADERS 1
| #define HAVE_SYS_TYPES_H 1
| #define HAVE_SYS_STAT_H 1
| #define HAVE_STDLIB_H 1
| #define HAVE_STRING_H 1
| #define HAVE_MEMORY_H 1
| #define HAVE_STRINGS_H 1
| #define HAVE_INTTYPES_H 1
| #define HAVE_STDINT_H 1
| #define HAVE_UNISTD_H 1
| #define HAVE_DLFCN_H 1
| #ifdef __cplusplus
| extern "C" void exit (int) throw ();
| #endif
| /* end confdefs.h.  */
| #include <ac_nonexistent.h>
configure:5296: result: g++ -E
configure:5320: g++ -E  conftest.cc
configure:5326: $? = 0
configure:5358: g++ -E  conftest.cc
conftest.cc:25:10: fatal error: 'ac_nonexistent.h' file not found
#include <ac_nonexistent.h>
         ^
1 error generated.
configure:5364: $? = 1
configure: failed program was:
| /* confdefs.h.  */
| 
| #define PACKAGE_NAME "gdsl"
| #define PACKAGE_TARNAME "gdsl"
| #define PACKAGE_VERSION "1.4"
| #define PACKAGE_STRING "gdsl 1.4"
| #define PACKAGE_BUGREPORT "ndarnis@free.fr"
| #define PACKAGE "gdsl"
| #define VERSION "1.4"
| #define STDC_HEADERS 1
| #define HAVE_SYS_TYPES_H 1
| #define HAVE_SYS_STAT_H 1
| #define HAVE_STDLIB_H 1
| #define HAVE_STRING_H 1
| #define HAVE_MEMORY_H 1
| #define HAVE_STRINGS_H 1
| #define HAVE_INTTYPES_H 1
| #define HAVE_STDINT_H 1
| #define HAVE_UNISTD_H 1
| #define HAVE_DLFCN_H 1
| #ifdef __cplusplus
| extern "C" void exit (int) throw ();
| #endif
| /* end confdefs.h.  */
| #include <ac_nonexistent.h>
configure:5461: checking for g77
configure:5490: result: no
configure:5461: checking for f77
configure:5490: result: no
configure:5461: checking for xlf
configure:5490: result: no
configure:5461: checking for frt
configure:5490: result: no
configure:5461: checking for pgf77
configure:5490: result: no
configure:5461: checking for fort77
configure:5490: result: no
configure:5461: checking for fl32
configure:5490: result: no
configure:5461: checking for af77
configure:5490: result: no
configure:5461: checking for f90
configure:5490: result: no
configure:5461: checking for xlf90
configure:5490: result: no
configure:5461: checking for pgf90
configure:5490: result: no
configure:5461: checking for epcf90
configure:5490: result: no
configure:5461: checking for f95
configure:5490: result: no
configure:5461: checking for fort
configure:5490: result: no
configure:5461: checking for xlf95
configure:5490: result: no
configure:5461: checking for ifc
configure:5490: result: no
configure:5461: checking for efc
configure:5490: result: no
configure:5461: checking for pgf95
configure:5490: result: no
configure:5461: checking for lf95
configure:5490: result: no
configure:5461: checking for gfortran
configure:5490: result: no
configure:5502: checking for Fortran 77 compiler version
configure:5505:  --version </dev/null >&5
./configure: line 5506: --version: command not found
configure:5508: $? = 127
configure:5510:  -v </dev/null >&5
./configure: line 5511: -v: command not found
configure:5513: $? = 127
configure:5515:  -V </dev/null >&5
./configure: line 5516: -V: command not found
configure:5518: $? = 127
configure:5526: checking whether we are using the GNU Fortran 77 compiler
configure:5540:  -c  conftest.F >&5
./configure: line 5541: -c: command not found
configure:5546: $? = 127
configure: failed program was:
|       program main
| #ifndef __GNUC__
|        choke me
| #endif
| 
|       end
configure:5572: result: no
configure:5578: checking whether  accepts -g
configure:5590:  -c -g conftest.f >&5
./configure: line 5591: -c: command not found
configure:5596: $? = 127
configure: failed program was:
|       program main
| 
|       end
configure:5621: result: no
configure:5651: checking the maximum length of command line arguments
configure:5760: result: 196608
configure:5771: checking command to parse /usr/bin/nm output from gcc object
configure:5876: gcc -c -g -O2  conftest.c >&5
configure:5879: $? = 0
configure:5883: /usr/bin/nm conftest.o \| sed -n -e 's/^.*[ 	]\([BCDEGRST][BCDEGRST]*\)[ 	][ 	]*\([_A-Za-z][_A-Za-z0-9]*\)$/\1 \2 \2/p' \> conftest.nm
configure:5886: $? = 0
cannot find nm_test_var in conftest.nm
configure:5876: gcc -c -g -O2  conftest.c >&5
configure:5879: $? = 0
configure:5883: /usr/bin/nm conftest.o \| sed -n -e 's/^.*[ 	]\([BCDEGRST][BCDEGRST]*\)[ 	][ 	]*_\([_A-Za-z][_A-Za-z0-9]*\)$/\1 _\2 \2/p' \> conftest.nm
configure:5886: $? = 0
configure:5938: gcc -o conftest -g -O2   conftest.c conftstm.o >&5
warning: (x86_64)  could not find object file symbol for symbol _main
configure:5941: $? = 0
configure:5979: result: ok
configure:5983: checking for objdir
configure:5998: result: .libs
configure:6088: checking for ar
configure:6104: found /usr/bin/ar
configure:6115: result: ar
configure:6168: checking for ranlib
configure:6195: result: ranlib
configure:6248: checking for strip
configure:6264: found /usr/bin/strip
configure:6275: result: strip
configure:6547: checking if gcc supports -fno-rtti -fno-exceptions
configure:6565: gcc -c -g -O2  -fno-rtti -fno-exceptions conftest.c >&5
configure:6569: $? = 0
configure:6582: result: yes
configure:6597: checking for gcc option to produce PIC
configure:6807: result: -fno-common
configure:6815: checking if gcc PIC flag -fno-common works
configure:6833: gcc -c -g -O2  -fno-common -DPIC conftest.c >&5
configure:6837: $? = 0
configure:6850: result: yes
configure:6878: checking if gcc static flag -static works
configure:6906: result: no
configure:6916: checking if gcc supports -c -o file.o
configure:6937: gcc -c -g -O2  -o out/conftest2.o conftest.c >&5
configure:6941: $? = 0
configure:6963: result: yes
configure:6989: checking whether the gcc linker (/Applications/Xcode.app/Contents/Developer/Toolchains/XcodeDefault.xctoolchain/usr/bin/ld) supports shared libraries
configure:7957: result: yes
configure:8024: checking dynamic linker characteristics
configure:8624: result: darwin15.2.0 dyld
configure:8633: checking how to hardcode library paths into programs
configure:8658: result: immediate
configure:8672: checking whether stripping libraries is possible
configure:8685: result: yes
configure:9511: checking if libtool supports shared libraries
configure:9513: result: yes
configure:9516: checking whether to build shared libraries
configure:9537: result: yes
configure:9540: checking whether to build static libraries
configure:9544: result: yes
configure:9636: creating libtool
configure:10224: checking for ld used by g++
configure:10291: result: /Applications/Xcode.app/Contents/Developer/Toolchains/XcodeDefault.xctoolchain/usr/bin/ld
configure:10300: checking if the linker (/Applications/Xcode.app/Contents/Developer/Toolchains/XcodeDefault.xctoolchain/usr/bin/ld) is GNU ld
configure:10315: result: no
configure:10366: checking whether the g++ linker (/Applications/Xcode.app/Contents/Developer/Toolchains/XcodeDefault.xctoolchain/usr/bin/ld) supports shared libraries
configure:11304: result: yes
configure:11322: g++ -c -g -O2  conftest.cpp >&5
configure:11325: $? = 0
configure:11444: checking for g++ option to produce PIC
configure:11718: result: -fno-common
configure:11726: checking if g++ PIC flag -fno-common works
configure:11744: g++ -c -g -O2  -fno-common -DPIC conftest.cpp >&5
configure:11748: $? = 0
configure:11761: result: yes
configure:11789: checking if g++ static flag -static works
configure:11817: result: no
configure:11827: checking if g++ supports -c -o file.o
configure:11848: g++ -c -g -O2  -o out/conftest2.o conftest.cpp >&5
configure:11852: $? = 0
configure:11874: result: yes
configure:11900: checking whether the g++ linker (/Applications/Xcode.app/Contents/Developer/Toolchains/XcodeDefault.xctoolchain/usr/bin/ld) supports shared libraries
configure:11931: result: yes
configure:11998: checking dynamic linker characteristics
configure:12598: result: darwin15.2.0 dyld
configure:12607: checking how to hardcode library paths into programs
configure:12632: result: immediate
configure:18830: checking for ANSI C header files
configure:18986: result: yes
configure:19013: checking sys/time.h usability
configure:19025: gcc -c -g -O2  conftest.c >&5
configure:19031: $? = 0
configure:19035: test -z 
			 || test ! -s conftest.err
configure:19038: $? = 0
configure:19041: test -s conftest.o
configure:19044: $? = 0
configure:19054: result: yes
configure:19058: checking sys/time.h presence
configure:19068: gcc -E  conftest.c
configure:19074: $? = 0
configure:19094: result: yes
configure:19129: checking for sys/time.h
configure:19136: result: yes
configure:19004: checking for stdlib.h
configure:19009: result: yes
configure:19013: checking stdio.h usability
configure:19025: gcc -c -g -O2  conftest.c >&5
configure:19031: $? = 0
configure:19035: test -z 
			 || test ! -s conftest.err
configure:19038: $? = 0
configure:19041: test -s conftest.o
configure:19044: $? = 0
configure:19054: result: yes
configure:19058: checking stdio.h presence
configure:19068: gcc -E  conftest.c
configure:19074: $? = 0
configure:19094: result: yes
configure:19129: checking for stdio.h
configure:19136: result: yes
configure:19004: checking for unistd.h
configure:19009: result: yes
configure:19151: checking for an ANSI C-conforming const
configure:19218: gcc -c -g -O2  conftest.c >&5
configure:19224: $? = 0
configure:19228: test -z 
			 || test ! -s conftest.err
configure:19231: $? = 0
configure:19234: test -s conftest.o
configure:19237: $? = 0
configure:19248: result: yes
configure:19258: checking for size_t
configure:19282: gcc -c -g -O2  conftest.c >&5
configure:19288: $? = 0
configure:19292: test -z 
			 || test ! -s conftest.err
configure:19295: $? = 0
configure:19298: test -s conftest.o
configure:19301: $? = 0
configure:19312: result: yes
configure:19324: checking whether time.h and sys/time.h may both be included
configure:19349: gcc -c -g -O2  conftest.c >&5
configure:19355: $? = 0
configure:19359: test -z 
			 || test ! -s conftest.err
configure:19362: $? = 0
configure:19365: test -s conftest.o
configure:19368: $? = 0
configure:19379: result: yes
configure:19391: checking for size_t
configure:19445: result: yes
configure:19457: checking for an ANSI C-conforming const
configure:19554: result: yes
configure:19564: checking for inline
configure:19585: gcc -c -g -O2  conftest.c >&5
configure:19591: $? = 0
configure:19595: test -z 
			 || test ! -s conftest.err
configure:19598: $? = 0
configure:19601: test -s conftest.o
configure:19604: $? = 0
configure:19616: result: inline
configure:19639: checking for working alloca.h
configure:19660: gcc -o conftest -g -O2   conftest.c  >&5
configure:19666: $? = 0
configure:19670: test -z 
			 || test ! -s conftest.err
configure:19673: $? = 0
configure:19676: test -s conftest
configure:19679: $? = 0
configure:19691: result: yes
configure:19701: checking for alloca
configure:19742: gcc -o conftest -g -O2   conftest.c  >&5
configure:19748: $? = 0
configure:19752: test -z 
			 || test ! -s conftest.err
configure:19755: $? = 0
configure:19758: test -s conftest
configure:19761: $? = 0
configure:19773: result: yes
configure:20001: checking for gettimeofday
configure:20058: gcc -o conftest -g -O2   conftest.c  >&5
configure:20064: $? = 0
configure:20068: test -z 
			 || test ! -s conftest.err
configure:20071: $? = 0
configure:20074: test -s conftest
configure:20077: $? = 0
configure:20089: result: yes
configure:20001: checking for strdup
configure:20058: gcc -o conftest -g -O2   conftest.c  >&5
conftest.c:58:6: warning: incompatible redeclaration of library function 'strdup' [-Wincompatible-library-redeclaration]
char strdup ();
     ^
conftest.c:58:6: note: 'strdup' is a builtin with type 'char *(const char *)'
1 warning generated.
configure:20064: $? = 0
configure:20068: test -z 
			 || test ! -s conftest.err
configure:20071: $? = 0
configure:20074: test -s conftest
configure:20077: $? = 0
configure:20089: result: yes
configure:20101: checking whether your compiler is gcc
configure:20107: result: yes... -Wall -Wstrict-prototypes added.
configure:20126: checking whether to enable debuging features
configure:20133: result: no
configure:20302: creating ./config.status

## ---------------------- ##
## Running config.status. ##
## ---------------------- ##

This file was extended by gdsl config.status 1.4, which was
generated by GNU Autoconf 2.59.  Invocation command line was

  CONFIG_FILES    = 
  CONFIG_HEADERS  = 
  CONFIG_LINKS    = 
  CONFIG_COMMANDS = 
  $ ./config.status 

on Antons-MacBook-Pro.local

config.status:726: creating gdsl.spec
config.status:726: creating gdsl-config
config.status:726: creating src/Makefile
config.status:726: creating src/mainpage.h
config.status:726: creating src/examples/Makefile
config.status:726: creating doc/Makefile
config.status:726: creating doc/Doxyfile
config.status:726: creating doc/man3/Makefile
config.status:726: creating doc/html/Makefile
config.status:726: creating doc/latex/Makefile
config.status:726: creating Makefile
config.status:830: creating config.h
config.status:1138: executing depfiles commands

## ---------------- ##
## Cache variables. ##
## ---------------- ##

ac_cv_build=i686-apple-darwin15.2.0
ac_cv_build_alias=i686-apple-darwin15.2.0
ac_cv_c_compiler_gnu=yes
ac_cv_c_const=yes
ac_cv_c_inline=inline
ac_cv_cxx_compiler_gnu=yes
ac_cv_env_CC_set=
ac_cv_env_CC_value=
ac_cv_env_CFLAGS_set=
ac_cv_env_CFLAGS_value=
ac_cv_env_CPPFLAGS_set=
ac_cv_env_CPPFLAGS_value=
ac_cv_env_CPP_set=
ac_cv_env_CPP_value=
ac_cv_env_CXXCPP_set=
ac_cv_env_CXXCPP_value=
ac_cv_env_CXXFLAGS_set=
ac_cv_env_CXXFLAGS_value=
ac_cv_env_CXX_set=
ac_cv_env_CXX_value=
ac_cv_env_F77_set=
ac_cv_env_F77_value=
ac_cv_env_FFLAGS_set=
ac_cv_env_FFLAGS_value=
ac_cv_env_LDFLAGS_set=
ac_cv_env_LDFLAGS_value=
ac_cv_env_build_alias_set=
ac_cv_env_build_alias_value=
ac_cv_env_host_alias_set=
ac_cv_env_host_alias_value=
ac_cv_env_target_alias_set=
ac_cv_env_target_alias_value=
ac_cv_exeext=
ac_cv_f77_compiler_gnu=no
ac_cv_func_alloca_works=yes
ac_cv_func_gettimeofday=yes
ac_cv_func_strdup=yes
ac_cv_header_dlfcn_h=yes
ac_cv_header_inttypes_h=yes
ac_cv_header_memory_h=yes
ac_cv_header_stdc=yes
ac_cv_header_stdint_h=yes
ac_cv_header_stdio_h=yes
ac_cv_header_stdlib_h=yes
ac_cv_header_string_h=yes
ac_cv_header_strings_h=yes
ac_cv_header_sys_stat_h=yes
ac_cv_header_sys_time_h=yes
ac_cv_header_sys_types_h=yes
ac_cv_header_time=yes
ac_cv_header_unistd_h=yes
ac_cv_host=i686-apple-darwin15.2.0
ac_cv_host_alias=i686-apple-darwin15.2.0
ac_cv_objext=o
ac_cv_path_install='/usr/bin/install -c'
ac_cv_prog_AWK=awk
ac_cv_prog_CPP='gcc -E'
ac_cv_prog_CXXCPP='g++ -E'
ac_cv_prog_ac_ct_AR=ar
ac_cv_prog_ac_ct_CC=gcc
ac_cv_prog_ac_ct_CXX=g++
ac_cv_prog_ac_ct_RANLIB=ranlib
ac_cv_prog_ac_ct_STRIP=strip
ac_cv_prog_cc_g=yes
ac_cv_prog_cc_stdc=
ac_cv_prog_cxx_g=yes
ac_cv_prog_egrep='grep -E'
ac_cv_prog_f77_g=no
ac_cv_prog_make_make_set=yes
ac_cv_type_size_t=yes
ac_cv_working_alloca_h=yes
am_cv_CC_dependencies_compiler_type=gcc3
am_cv_CXX_dependencies_compiler_type=gcc3
lt_cv_deplibs_check_method=pass_all
lt_cv_file_magic_cmd='$MAGIC_CMD'
lt_cv_file_magic_test_file=
lt_cv_ld_reload_flag=-r
lt_cv_objdir=.libs
lt_cv_path_LD=/Applications/Xcode.app/Contents/Developer/Toolchains/XcodeDefault.xctoolchain/usr/bin/ld
lt_cv_path_LDCXX=/Applications/Xcode.app/Contents/Developer/Toolchains/XcodeDefault.xctoolchain/usr/bin/ld
lt_cv_path_NM=/usr/bin/nm
lt_cv_path_SED=/usr/bin/sed
lt_cv_prog_compiler_c_o=yes
lt_cv_prog_compiler_c_o_CXX=yes
lt_cv_prog_compiler_rtti_exceptions=yes
lt_cv_prog_gnu_ld=no
lt_cv_prog_gnu_ldcxx=no
lt_cv_sys_global_symbol_pipe='sed -n -e '\''s/^.*[ 	]\([BCDEGRST][BCDEGRST]*\)[ 	][ 	]*_\([_A-Za-z][_A-Za-z0-9]*\)$/\1 _\2 \2/p'\'''
lt_cv_sys_global_symbol_to_c_name_address='sed -n -e '\''s/^: \([^ ]*\) $/  {\"\1\", (lt_ptr) 0},/p'\'' -e '\''s/^[BCDEGRST] \([^ ]*\) \([^ ]*\)$/  {"\2", (lt_ptr) \&\2},/p'\'''
lt_cv_sys_global_symbol_to_cdecl='sed -n -e '\''s/^. .* \(.*\)$/extern int \1;/p'\'''
lt_cv_sys_max_cmd_len=196608
lt_lt_cv_prog_compiler_c_o='"yes"'
lt_lt_cv_prog_compiler_c_o_CXX='"yes"'
lt_lt_cv_sys_global_symbol_pipe='"sed -n -e '\''s/^.*[ 	]\\([BCDEGRST][BCDEGRST]*\\)[ 	][ 	]*_\\([_A-Za-z][_A-Za-z0-9]*\\)\$/\\1 _\\2 \\2/p'\''"'
lt_lt_cv_sys_global_symbol_to_c_name_address='"sed -n -e '\''s/^: \\([^ ]*\\) \$/  {\\\"\\1\\\", (lt_ptr) 0},/p'\'' -e '\''s/^[BCDEGRST] \\([^ ]*\\) \\([^ ]*\\)\$/  {\"\\2\", (lt_ptr) \\&\\2},/p'\''"'
lt_lt_cv_sys_global_symbol_to_cdecl='"sed -n -e '\''s/^. .* \\(.*\\)\$/extern int \\1;/p'\''"'

## ----------------- ##
## Output variables. ##
## ----------------- ##

ACLOCAL='${SHELL} /Users/aldukeman/dev/planners/yahsp2/src/gdsl/missing --run aclocal-1.8'
ALLOCA=''
AMDEPBACKSLASH='\'
AMDEP_FALSE='#'
AMDEP_TRUE=''
AMTAR='${SHELL} /Users/aldukeman/dev/planners/yahsp2/src/gdsl/missing --run tar'
AR='ar'
AUTOCONF='${SHELL} /Users/aldukeman/dev/planners/yahsp2/src/gdsl/missing --run autoconf'
AUTOHEADER='${SHELL} /Users/aldukeman/dev/planners/yahsp2/src/gdsl/missing --run autoheader'
AUTOMAKE='${SHELL} /Users/aldukeman/dev/planners/yahsp2/src/gdsl/missing --run automake-1.8'
AWK='awk'
CC='gcc'
CCDEPMODE='depmode=gcc3'
CFLAGS='-Wall -Wstrict-prototypes -g -O2'
CPP='gcc -E'
CPPFLAGS='-D_REENTRANT -D_THREAD_SAFE -D_GNU_SOURCE -pedantic '
CXX='g++'
CXXCPP='g++ -E'
CXXDEPMODE='depmode=gcc3'
CXXFLAGS='-g -O2'
CYGPATH_W='echo'
DEFS='-DHAVE_CONFIG_H'
DEPDIR='.deps'
ECHO='/bin/echo'
ECHO_C='ECHO_N=''
ECHO_T=''
EGREP='grep -E'
EXEEXT=''
F77=''
FFLAGS=''
GDSL_CFLAGS='-I${prefix}/include/gdsl'
GDSL_LIBS='-L${exec_prefix}/lib -lgdsl'
GDSL_LT_VERSION='1:4:0'
INSTALL_DATA='${INSTALL} -m 644'
INSTALL_PROGRAM='${INSTALL}'
INSTALL_SCRIPT='${INSTALL}'
INSTALL_STRIP_PROGRAM='${SHELL} $(install_sh) -c -s'
LDFLAGS=''
LIBOBJS=''
LIBS=''
LIBTOOL='$(SHELL) $(top_builddir)/libtool'
LN_S='ln -s'
LTLIBOBJS=''
MAKEINFO='${SHELL} /Users/aldukeman/dev/planners/yahsp2/src/gdsl/missing --run makeinfo'
OBJEXT='o'
PACKAGE='gdsl'
PACKAGE_BUGREPORT='ndarnis@free.fr'
PACKAGE_NAME='gdsl'
PACKAGE_STRING='gdsl 1.4'
PACKAGE_TARNAME='gdsl'
PACKAGE_VERSION='1.4'
PATH_SEPARATOR=':'
RANLIB='ranlib'
SET_MAKE=''
SHELL='/bin/sh'
STRIP='strip'
VERSION='1.4'
ac_ct_AR='ar'
ac_ct_CC='gcc'
ac_ct_CXX='g++'
ac_ct_F77=''
ac_ct_RANLIB='ranlib'
ac_ct_STRIP='strip'
am__fastdepCC_FALSE='#'
am__fastdepCC_TRUE=''
am__fastdepCXX_FALSE='#'
am__fastdepCXX_TRUE=''
am__include='include'
am__leading_dot='.'
am__quote=''
bindir='${exec_prefix}/bin'
build='i686-apple-darwin15.2.0'
build_alias=''
build_cpu='i686'
build_os='darwin15.2.0'
build_vendor='apple'
datadir='${prefix}/share'
exec_prefix='${prefix}'
host='i686-apple-darwin15.2.0'
host_alias=''
host_cpu='i686'
host_os='darwin15.2.0'
host_vendor='apple'
includedir='${prefix}/include'
infodir='${prefix}/info'
install_sh='/Users/aldukeman/dev/planners/yahsp2/src/gdsl/install-sh'
libdir='${exec_prefix}/lib'
libexecdir='${exec_prefix}/libexec'
localstatedir='${prefix}/var'
mandir='${prefix}/man'
mkdir_p='$(install_sh) -d'
oldincludedir='/usr/include'
prefix='/usr/local'
program_transform_name='s,x,x,'
sbindir='${exec_prefix}/sbin'
sharedstatedir='${prefix}/com'
sysconfdir='${prefix}/etc'
target_alias=''

## ----------- ##
## confdefs.h. ##
## ----------- ##

#define HAVE_ALLOCA 1
#define HAVE_ALLOCA_H 1
#define HAVE_DLFCN_H 1
#define HAVE_GETTIMEOFDAY 1
#define HAVE_INTTYPES_H 1
#define HAVE_MEMORY_H 1
#define HAVE_STDINT_H 1
#define HAVE_STDIO_H 1
#define HAVE_STDLIB_H 1
#define HAVE_STDLIB_H 1
#define HAVE_STRDUP 1
#define HAVE_STRINGS_H 1
#define HAVE_STRING_H 1
#define HAVE_SYS_STAT_H 1
#define HAVE_SYS_TIME_H 1
#define HAVE_SYS_TYPES_H 1
#define HAVE_UNISTD_H 1
#define HAVE_UNISTD_H 1
#define PACKAGE "gdsl"
#define PACKAGE_BUGREPORT "ndarnis@free.fr"
#define PACKAGE_NAME "gdsl"
#define PACKAGE_STRING "gdsl 1.4"
#define PACKAGE_TARNAME "gdsl"
#define PACKAGE_VERSION "1.4"
#define STDC_HEADERS 1
#define STDC_HEADERS 1
#define TIME_WITH_SYS_TIME 1
#define VERSION "1.4"
#endif
#ifdef __cplusplus
extern "C" void exit (int) throw ();

configure: exit 0
